
=== Task t01, Attempt 1 ===
Started: 2026-01-28T17:38:16-06:00

All acceptance criteria verified:

1. **go.mod includes dependencies** - bubbletea, bubbles, and lipgloss are all present
2. **internal/tui/app.go exists with Model struct** - contains `currentView`, `width`, `height` fields
3. **Run() function with proper options** - `tea.NewProgram` with `WithAltScreen` and `WithMouseCellMotion`
4. **Directory structure exists** - `internal/tui/views/` and `internal/tui/components/` with placeholder files
5. **cmd/rafa/main.go routes to TUI** - routes to `tui.Run()` when no arguments
6. **Build succeeds** - `go build ./cmd/rafa` completed successfully
7. **TUI launches** - would launch with proper TTY (error in non-TTY environment is expected)
8. **CLI still works** - `rafa plan list` shows help correctly

SUGGESTED_COMMIT_MESSAGE: Set up TUI package structure with Bubble Tea dependencies

=== Task t01: SUCCESS ===


=== Task t02, Attempt 1 ===
Started: 2026-01-28T17:41:17-06:00

All files look good. Let me verify the acceptance criteria one more time:

**Acceptance Criteria Verification:**

1. ✅ `internal/tui/styles.go` exists with Lip Gloss style definitions (TitleStyle, SubtleStyle, SelectedStyle, StatusBarStyle, BoxStyle)
2. ✅ `internal/tui/components/statusbar.go` implements StatusBar with `Render(width, items)` method
3. ✅ `internal/tui/components/progress.go` implements Progress with `View()` method rendering ■□ bar with percentage
4. ✅ `internal/tui/components/output.go` implements OutputViewport with `AddLine()`, `Update()`, `View()` methods
5. ✅ OutputViewport uses ring buffer (`maxLines`) to prevent unbounded memory growth (lines 45-48)
6. ✅ OutputViewport pauses autoScroll when user scrolls up manually (lines 70-72)
7. ✅ Unit tests exist for Progress: 0% shows all empty (`TestProgress_View_ZeroPercent`), 50% shows half filled (`TestProgress_View_FiftyPercent`), 100% shows all filled (`TestProgress_View_HundredPercent`)
8. ✅ Unit tests exist for StatusBar: renders items with separator (`TestStatusBar_Render_SeparatorFormat`, `TestStatusBar_Render_MultipleItems`), handles various widths (`TestStatusBar_Render_NarrowWidth`, `TestStatusBar_Render_WideWidth`)
9. ✅ `make test` passes

All acceptance criteria are met.

SUGGESTED_COMMIT_MESSAGE: Implement TUI styles and reusable components (statusbar, progress, output viewport)

=== Task t02: SUCCESS ===


=== Task t03, Attempt 1 ===
Started: 2026-01-28T17:45:14-06:00

All acceptance criteria are met. The implementation is complete with:

- `internal/tui/views/home.go`: Complete HomeModel implementation with Init, Update, View methods
- `internal/tui/views/home_test.go`: Comprehensive unit tests covering menu navigation, key shortcuts, .rafa/ existence check, and view rendering

The tests pass and the code follows the project patterns established in other components.

SUGGESTED_COMMIT_MESSAGE: Implement Home view with menu navigation and .rafa directory detection
