
=== Task t01, Attempt 1 ===
Started: 2026-01-25T17:03:11-06:00

Task completed successfully. Here's a summary of what was done:

## Summary

Implemented `CommitAll` function in `internal/git/git.go:74-107` with the following behavior:
- **Signature**: `func CommitAll(dir string, message string) error`
- Stages all changes using `git add -A`
- Returns `nil` when there are no changes to commit (detected via `git diff --cached --quiet`)
- Returns wrapped errors if `git add` or `git commit` fails

Added comprehensive unit tests in `internal/git/git_test.go:285-421` covering:
1. Commits changes successfully (multiple files)
2. Returns nil when nothing to commit
3. Returns error for invalid directory
4. Commits both staged and unstaged changes
5. Commits modified tracked files

All acceptance criteria verified:
- ✅ CommitAll function exists with correct signature
- ✅ Function stages all changes using `git add -A`
- ✅ Function returns nil when there are no changes
- ✅ Function returns wrapped error if git add fails
- ✅ Function returns wrapped error if git commit fails
- ✅ Unit tests cover all required scenarios
- ✅ `make test` passes
- ✅ `make fmt` passes
- ✅ Workspace is clean

=== Task t01: FAILED ===


=== Task t01, Attempt 2 ===
Started: 2026-01-25T17:05:45-06:00

## Summary

Task **t01: Add CommitAll function to git package** is complete.

### Acceptance Criteria Verification:

| Criteria | Status |
|----------|--------|
| 1. CommitAll function exists with signature `func CommitAll(dir string, message string) error` | ✅ `internal/git/git.go:77` |
| 2. Function stages all changes using 'git add -A' | ✅ Line 79 |
| 3. Function returns nil when no changes to commit | ✅ Lines 88-95 (uses `git diff --cached --quiet`) |
| 4. Function returns wrapped error if git add fails | ✅ Line 84 |
| 5. Function returns wrapped error if git commit fails | ✅ Line 103 |
| 6. Unit tests cover required scenarios | ✅ `internal/git/git_test.go:286-421` |
| 7. `make test` passes | ✅ All tests pass |
| 8. `make fmt` passes | ✅ No formatting issues |

### Workspace Status:
- All changes committed (implementation + `.rafa/` metadata)
- Working tree clean

=== Task t01: FAILED ===


=== Task t01, Attempt 3 ===
Started: 2026-01-25T17:06:24-06:00

Task t01 is complete. All acceptance criteria have been verified:

1. ✅ `CommitAll` function exists in `internal/git/git.go:77` with signature `func CommitAll(dir string, message string) error`
2. ✅ Function stages all changes using `git add -A` (line 79-85)
3. ✅ Function returns nil when there are no changes to commit (lines 88-95)
4. ✅ Function returns wrapped error if git add fails (line 84)
5. ✅ Function returns wrapped error if git commit fails (line 103)
6. ✅ Unit tests exist in `internal/git/git_test.go:286-421` covering all required scenarios
7. ✅ `make test` passes
8. ✅ `make fmt` passes (verified via `make check-fmt`)

The workspace is clean with all changes committed.

=== Task t01: FAILED ===


=== Task t01, Attempt 4 ===
Started: 2026-01-25T17:07:07-06:00

Task t01 is complete. All acceptance criteria have been verified:

1. ✅ `CommitAll` function exists in `internal/git/git.go:77` with signature `func CommitAll(dir string, message string) error`
2. ✅ Function stages all changes using `git add -A`
3. ✅ Function returns nil when there are no changes (via `git diff --cached --quiet`)
4. ✅ Function returns wrapped error if git add fails
5. ✅ Function returns wrapped error if git commit fails
6. ✅ Unit tests in `internal/git/git_test.go:286-421` covering: commits changes successfully, returns nil when nothing to commit, returns error for invalid directory
7. ✅ `make test` passes
8. ✅ `make fmt` passes

The workspace is clean with no uncommitted changes. All implementation code and `.rafa/` metadata have been committed.

=== Task t01: FAILED ===


=== Task t01, Attempt 5 ===
Started: 2026-01-25T17:07:59-06:00

## Task Complete

All acceptance criteria have been verified:

1. ✅ `CommitAll` function exists in `internal/git/git.go:77` with signature `func CommitAll(dir string, message string) error`
2. ✅ Function stages all changes using `git add -A`
3. ✅ Function returns `nil` when no changes to commit
4. ✅ Function returns wrapped error if git add fails
5. ✅ Function returns wrapped error if git commit fails
6. ✅ Unit tests exist covering: success, no-op, and invalid directory cases
7. ✅ `make test` passes
8. ✅ `make fmt` passes

**Workspace is clean** - all changes (including `.rafa/` metadata) have been committed.

=== Task t01: FAILED ===


=== Task t01, Attempt 1 ===
Started: 2026-01-25T17:15:26-06:00

The task is complete. The workspace is clean.

## Summary

The `CommitAll` function already existed in `internal/git/git.go` with the correct implementation that meets all acceptance criteria:

1. ✅ **Signature**: `func CommitAll(dir string, message string) error` at line 77
2. ✅ **Stages all changes**: Uses `git add -A` (lines 79-85)
3. ✅ **Returns nil for no changes**: Uses `git diff --cached --quiet` (lines 88-95)
4. ✅ **Wrapped error for git add failure**: `fmt.Errorf("git add -A: %w", err)` (line 84)
5. ✅ **Wrapped error for git commit failure**: `fmt.Errorf("git commit: %w", err)` (line 103)
6. ✅ **Unit tests exist**: In `internal/git/git_test.go` (lines 286-421) covering:
   - Commits changes successfully
   - Returns nil when nothing to commit
   - Returns error for invalid directory
   - Commits staged and unstaged changes
   - Commits modified tracked files
7. ✅ **make test passes**
8. ✅ **make fmt passes**

=== Task t01: SUCCESS ===


=== Task t02, Attempt 1 ===
Started: 2026-01-25T17:16:04-06:00

All acceptance criteria have been met:

1. **ExtractCommitMessage method exists** with signature `func (oc *OutputCapture) ExtractCommitMessage() string` at `internal/executor/output.go:95`
2. **Method searches only the last 100 lines** via `maxLinesToSearch = 100` constant and the start index calculation
3. **Method returns the trimmed message** after `SUGGESTED_COMMIT_MESSAGE:` prefix using `strings.TrimSpace(strings.TrimPrefix(...))`
4. **Method returns empty string** if no message found or on read error
5. **Unit tests exist** covering: message found (`TestOutputCapture_ExtractCommitMessage_Found`), message not found (`TestOutputCapture_ExtractCommitMessage_NotFound`), empty output (`TestOutputCapture_ExtractCommitMessage_EmptyOutput`), plus additional tests for 100-line limit boundary, multiple messages, and whitespace trimming
6. **make test passes**
7. **make fmt passes**

The workspace is clean. Task complete.

SUGGESTED_COMMIT_MESSAGE: Add ExtractCommitMessage method to OutputCapture

=== Task t02: SUCCESS ===


=== Task t03, Attempt 1 ===
Started: 2026-01-25T17:18:26-06:00

All acceptance criteria have been verified:

1. ✅ Prompt includes instruction: 'DO NOT commit your changes - the orchestrator will handle the commit'
2. ✅ Prompt includes instruction to output 'SUGGESTED_COMMIT_MESSAGE: <your descriptive commit message>'
3. ✅ Prompt includes note: 'Leave changes uncommitted. The orchestrator will commit after validating.'
4. ✅ Retry attempts include updated note about reviewing uncommitted changes from previous attempts
5. ✅ Unit test verifies prompt contains 'DO NOT commit' instruction (TestClaudeRunner_PromptIncludesDoNotCommitInstruction and TestClaudeRunner_PromptRetryNoteIncludesUncommittedChanges)
6. ✅ make test passes
7. ✅ make fmt passes

The workspace is clean with no uncommitted changes.

SUGGESTED_COMMIT_MESSAGE: Update agent prompt to not commit and suggest commit message

=== Task t03: SUCCESS ===


=== Task t04, Attempt 1 ===
Started: 2026-01-25T17:20:01-06:00

