{"timestamp":"2026-01-25T17:03:11.980254-06:00","event":"plan_started","data":{"plan_id":"e5sF55"}}
{"timestamp":"2026-01-25T17:03:11.980851-06:00","event":"task_started","data":{"attempt":1,"task_id":"t01"}}
{"timestamp":"2026-01-25T17:05:45.869121-06:00","event":"task_failed","data":{"attempt":1,"task_id":"t01"}}
{"timestamp":"2026-01-25T17:05:45.869819-06:00","event":"task_started","data":{"attempt":2,"task_id":"t01"}}
{"timestamp":"2026-01-25T17:06:24.170381-06:00","event":"task_failed","data":{"attempt":2,"task_id":"t01"}}
{"timestamp":"2026-01-25T17:06:24.171225-06:00","event":"task_started","data":{"attempt":3,"task_id":"t01"}}
{"timestamp":"2026-01-25T17:07:07.223639-06:00","event":"task_failed","data":{"attempt":3,"task_id":"t01"}}
{"timestamp":"2026-01-25T17:07:07.224297-06:00","event":"task_started","data":{"attempt":4,"task_id":"t01"}}
{"timestamp":"2026-01-25T17:07:59.863568-06:00","event":"task_failed","data":{"attempt":4,"task_id":"t01"}}
{"timestamp":"2026-01-25T17:07:59.864234-06:00","event":"task_started","data":{"attempt":5,"task_id":"t01"}}
{"timestamp":"2026-01-25T17:08:49.330227-06:00","event":"task_failed","data":{"attempt":5,"task_id":"t01"}}
{"timestamp":"2026-01-25T17:08:49.330895-06:00","event":"plan_failed","data":{"attempts":5,"task_id":"t01"}}
{"timestamp":"2026-01-25T17:09:17.782136-06:00","event":"plan_started","data":{"plan_id":"e5sF55"}}
{"timestamp":"2026-01-25T17:09:17.783051-06:00","event":"plan_failed","data":{"attempts":5,"task_id":"t01"}}
{"timestamp":"2026-01-25T17:09:28.370997-06:00","event":"plan_started","data":{"plan_id":"e5sF55"}}
{"timestamp":"2026-01-25T17:09:28.371674-06:00","event":"plan_failed","data":{"attempts":5,"task_id":"t01"}}
{"timestamp":"2026-01-25T17:10:04.822812-06:00","event":"plan_started","data":{"plan_id":"e5sF55"}}
{"timestamp":"2026-01-25T17:10:04.823887-06:00","event":"plan_failed","data":{"attempts":5,"task_id":"t01"}}
{"timestamp":"2026-01-25T17:15:26.664636-06:00","event":"plan_started","data":{"plan_id":"e5sF55"}}
{"timestamp":"2026-01-25T17:15:26.665116-06:00","event":"task_started","data":{"attempt":1,"task_id":"t01"}}
{"timestamp":"2026-01-25T17:16:04.333549-06:00","event":"task_completed","data":{"task_id":"t01"}}
{"timestamp":"2026-01-25T17:16:04.334119-06:00","event":"task_started","data":{"attempt":1,"task_id":"t02"}}
{"timestamp":"2026-01-25T17:18:26.123004-06:00","event":"task_completed","data":{"task_id":"t02"}}
{"timestamp":"2026-01-25T17:18:26.123378-06:00","event":"task_started","data":{"attempt":1,"task_id":"t03"}}
{"timestamp":"2026-01-25T17:20:01.58566-06:00","event":"task_completed","data":{"task_id":"t03"}}
{"timestamp":"2026-01-25T17:20:01.586305-06:00","event":"task_started","data":{"attempt":1,"task_id":"t04"}}
{"timestamp":"2026-01-25T17:21:29.25358-06:00","event":"task_completed","data":{"task_id":"t04"}}
{"timestamp":"2026-01-25T17:21:29.25415-06:00","event":"task_started","data":{"attempt":1,"task_id":"t05"}}
{"timestamp":"2026-01-25T17:27:16.20349-06:00","event":"task_completed","data":{"task_id":"t05"}}
{"timestamp":"2026-01-25T17:27:16.204114-06:00","event":"task_started","data":{"attempt":1,"task_id":"t06"}}
